<?xml version="1.0" encoding="UTF-8"?>
<!-- Generated by org.testng.reporters.JUnitReportReporter -->
<testsuite skipped="0" hostname="sdet" name="org.siemens.restservice.BookTest" tests="1" failures="0" timestamp="03 Oct 2018 02:04:51 GMT" time="1.569" errors="0">
  <testcase name="useSpec" time="1.569" classname="org.siemens.restservice.BookTest"/>
</testsuite> <!-- org.siemens.restservice.BookTest -->
